<?xml version="1.0" encoding="UTF-8"?>
<testng-results skipped="0" failed="0" total="1" passed="1">
  <reporter-output>
  </reporter-output>
  <suite name="Default suite" duration-ms="11214" started-at="2019-12-31T02:04:28Z" finished-at="2019-12-31T02:04:39Z">
    <groups>
    </groups>
    <test name="Default test" duration-ms="11214" started-at="2019-12-31T02:04:28Z" finished-at="2019-12-31T02:04:39Z">
      <class name="com.qa.application.test_scripts.GoogleSearchTest">
        <test-method status="PASS" signature="setUp()[pri:0, instance:com.qa.application.test_scripts.GoogleSearchTest@224edc67]" name="setUp" is-config="true" duration-ms="6916" started-at="2019-12-31T07:34:28Z" finished-at="2019-12-31T07:34:35Z">
          <reporter-output>
          </reporter-output>
        </test-method> <!-- setUp -->
        <test-method status="PASS" signature="testGoogleSearch()[pri:0, instance:com.qa.application.test_scripts.GoogleSearchTest@224edc67]" name="testGoogleSearch" duration-ms="3306" started-at="2019-12-31T07:34:35Z" finished-at="2019-12-31T07:34:38Z">
          <reporter-output>
          </reporter-output>
        </test-method> <!-- testGoogleSearch -->
        <test-method status="PASS" signature="browserquit()[pri:0, instance:com.qa.application.test_scripts.GoogleSearchTest@224edc67]" name="browserquit" is-config="true" duration-ms="958" started-at="2019-12-31T07:34:38Z" finished-at="2019-12-31T07:34:39Z">
          <reporter-output>
          </reporter-output>
        </test-method> <!-- browserquit -->
      </class> <!-- com.qa.application.test_scripts.GoogleSearchTest -->
    </test> <!-- Default test -->
  </suite> <!-- Default suite -->
</testng-results>
